SF:lib\main.dart
DA:8,0
DA:9,0
DA:10,0
DA:12,0
DA:17,0
DA:21,2
DA:23,1
DA:24,1
DA:26,0
DA:34,1
DA:36,1
DA:38,1
DA:39,1
LF:13
LH:7
end_of_record
SF:lib\LocaleString.dart
DA:6,1
DA:8,1
DA:9,1
DA:54,1
DA:98,1
LF:5
LH:5
end_of_record
SF:lib\activity_completed.dart
DA:7,1
DA:9,0
DA:10,0
DA:15,0
DA:17,0
DA:18,0
DA:22,0
DA:23,0
DA:24,0
DA:26,0
DA:27,0
DA:32,0
DA:33,0
DA:34,0
LF:14
LH:1
end_of_record
SF:lib\activity_created.dart
DA:7,1
DA:9,0
DA:10,0
DA:15,0
DA:17,0
DA:18,0
DA:22,0
DA:23,0
DA:24,0
DA:26,0
DA:27,0
DA:32,0
DA:33,0
DA:34,0
LF:14
LH:1
end_of_record
SF:lib\activity_new.dart
DA:9,1
DA:11,0
DA:12,0
DA:16,0
DA:18,0
DA:20,0
DA:22,0
DA:23,0
DA:24,0
DA:36,0
DA:37,0
DA:38,0
DA:39,0
DA:40,0
DA:41,0
DA:42,0
DA:51,0
DA:59,0
DA:60,0
DA:61,0
DA:62,0
DA:63,0
DA:64,0
DA:73,0
DA:81,0
DA:82,0
DA:83,0
DA:84,0
DA:85,0
DA:86,0
DA:95,0
LF:31
LH:1
end_of_record
SF:lib\activity_running.dart
DA:6,1
DA:8,0
DA:9,0
DA:13,0
DA:15,0
DA:16,0
DA:20,0
DA:21,0
DA:22,0
DA:24,0
DA:25,0
DA:30,0
DA:31,0
DA:32,0
DA:46,1
DA:48,0
DA:50,0
DA:53,0
DA:54,0
DA:56,0
DA:58,0
DA:59,0
DA:61,0
DA:62,0
DA:63,0
LF:25
LH:2
end_of_record
SF:lib\get_quiz\countdown_widget.dart
DA:11,2
DA:13,0
DA:14,0
DA:21,0
DA:22,0
DA:23,0
DA:24,0
DA:25,0
DA:26,0
DA:29,0
DA:30,0
DA:31,0
DA:34,0
DA:35,0
DA:36,0
DA:40,0
DA:41,0
DA:42,0
DA:50,0
DA:52,0
DA:53,0
DA:54,0
DA:55,0
DA:56,0
DA:58,0
DA:59,0
DA:60,0
DA:61,0
DA:62,0
DA:63,0
DA:74,0
DA:75,0
DA:77,0
DA:81,0
DA:85,0
DA:89,0
DA:99,0
DA:100,0
DA:101,0
DA:102,0
DA:105,0
DA:107,0
DA:109,0
DA:110,0
DA:111,0
DA:114,0
DA:116,0
DA:124,0
DA:125,0
DA:127,0
DA:137,0
DA:138,0
DA:139,0
DA:140,0
DA:143,0
DA:144,0
DA:145,0
DA:146,0
DA:148,0
DA:157,0
DA:158,0
DA:159,0
DA:160,0
DA:161,0
DA:162,0
DA:165,0
DA:167,0
DA:169,0
DA:170,0
DA:172,0
DA:186,0
DA:187,0
DA:188,0
DA:189,0
DA:192,0
DA:194,0
DA:196,0
DA:197,0
DA:201,0
DA:203,0
DA:207,0
DA:209,0
DA:220,0
DA:221,0
DA:222,0
DA:223,0
DA:224,0
DA:225,0
DA:238,0
DA:239,0
DA:240,0
DA:241,0
DA:243,0
DA:244,0
DA:248,0
DA:262,0
DA:263,0
DA:264,0
DA:265,0
DA:266,0
DA:267,0
DA:280,0
DA:281,0
DA:282,0
DA:283,0
DA:284,0
DA:296,0
DA:297,0
DA:298,0
DA:300,0
DA:305,0
DA:306,0
DA:307,0
DA:309,0
DA:314,0
DA:315,0
DA:316,0
DA:318,0
DA:323,0
DA:324,0
DA:325,0
DA:327,0
LF:122
LH:1
end_of_record
SF:lib\get_quiz\get_quiz.dart
DA:12,1
DA:14,0
DA:15,0
DA:39,0
DA:40,0
DA:41,0
DA:43,0
DA:44,0
DA:45,0
DA:49,0
DA:51,0
DA:52,0
DA:53,0
DA:54,0
DA:55,0
DA:56,0
DA:58,0
DA:59,0
DA:60,0
DA:62,0
DA:63,0
DA:64,0
DA:65,0
DA:66,0
DA:67,0
DA:68,0
DA:69,0
DA:70,0
DA:71,0
DA:73,0
DA:75,0
DA:76,0
DA:78,0
DA:79,0
DA:80,0
DA:83,0
DA:84,0
DA:85,0
DA:89,0
DA:90,0
DA:91,0
DA:93,0
DA:104,0
DA:109,0
DA:110,0
DA:111,0
DA:112,0
DA:113,0
DA:114,0
DA:116,0
DA:117,0
DA:118,0
DA:119,0
DA:120,0
DA:121,0
DA:132,0
DA:133,0
DA:134,0
DA:135,0
DA:136,0
DA:137,0
DA:138,0
DA:139,0
DA:140,0
DA:141,0
DA:143,0
DA:144,0
DA:145,0
DA:146,0
DA:149,0
DA:151,0
DA:153,0
DA:154,0
DA:155,0
DA:162,0
DA:164,0
DA:165,0
DA:166,0
DA:172,0
DA:175,0
DA:176,0
DA:177,0
DA:179,0
DA:180,0
DA:181,0
DA:184,0
DA:200,0
DA:205,0
DA:206,0
DA:207,0
DA:208,0
DA:209,0
DA:210,0
DA:212,0
DA:213,0
DA:214,0
DA:215,0
DA:216,0
DA:217,0
DA:219,0
DA:220,0
DA:221,0
DA:222,0
DA:223,0
DA:224,0
DA:225,0
DA:226,0
DA:227,0
DA:229,0
DA:230,0
DA:231,0
DA:234,0
DA:236,0
DA:238,0
DA:239,0
DA:240,0
DA:247,0
DA:249,0
DA:250,0
DA:251,0
DA:257,0
DA:260,0
DA:261,0
DA:262,0
DA:264,0
DA:265,0
DA:266,0
DA:269,0
DA:285,0
DA:290,0
DA:291,0
DA:292,0
DA:293,0
DA:294,0
DA:295,0
DA:297,0
DA:298,0
DA:299,0
DA:300,0
DA:301,0
DA:302,0
DA:304,0
DA:305,0
DA:306,0
DA:307,0
DA:308,0
DA:309,0
DA:310,0
DA:311,0
DA:312,0
DA:313,0
DA:315,0
DA:316,0
DA:317,0
DA:318,0
DA:321,0
DA:323,0
DA:325,0
DA:326,0
DA:327,0
DA:334,0
DA:336,0
DA:337,0
DA:338,0
DA:344,0
DA:347,0
DA:348,0
DA:349,0
DA:351,0
DA:352,0
DA:353,0
DA:356,0
DA:372,0
DA:377,0
DA:378,0
DA:379,0
DA:380,0
DA:381,0
DA:382,0
DA:384,0
DA:385,0
DA:386,0
DA:387,0
DA:388,0
DA:389,0
DA:391,0
DA:392,0
DA:393,0
DA:394,0
DA:395,0
DA:396,0
DA:397,0
DA:398,0
DA:399,0
DA:401,0
DA:402,0
DA:403,0
DA:406,0
DA:408,0
DA:410,0
DA:411,0
DA:412,0
DA:419,0
DA:421,0
DA:422,0
DA:423,0
DA:429,0
DA:432,0
DA:433,0
DA:434,0
DA:436,0
DA:437,0
DA:438,0
DA:441,0
DA:461,0
DA:468,0
DA:469,0
DA:471,0
DA:473,0
LF:219
LH:1
end_of_record
SF:lib\globals.dart
DA:5,3
LF:1
LH:1
end_of_record
SF:lib\get_quiz\result.dart
DA:14,0
DA:16,0
DA:18,0
DA:24,0
DA:26,0
DA:28,0
DA:29,0
DA:30,0
DA:32,0
DA:33,0
DA:35,0
DA:37,0
DA:39,0
DA:47,0
DA:48,0
DA:51,0
DA:53,0
DA:55,0
DA:56,0
DA:57,0
DA:59,0
DA:61,0
DA:70,0
DA:71,0
DA:78,0
DA:80,0
DA:81,0
DA:82,0
DA:84,0
DA:86,0
DA:96,0
DA:97,0
DA:98,0
DA:100,0
DA:119,0
DA:120,0
DA:123,0
DA:125,0
DA:126,0
DA:129,0
DA:130,0
DA:131,0
DA:132,0
DA:134,0
DA:137,0
DA:139,0
DA:147,0
DA:148,0
DA:149,0
DA:160,0
DA:163,0
DA:164,0
DA:165,0
DA:166,0
DA:168,0
DA:171,0
DA:173,0
DA:181,0
DA:182,0
DA:183,0
DA:194,0
DA:197,0
DA:198,0
DA:199,0
DA:200,0
DA:202,0
DA:205,0
DA:207,0
DA:215,0
DA:216,0
DA:217,0
DA:233,0
DA:234,0
DA:237,0
DA:239,0
DA:241,0
DA:242,0
DA:244,0
DA:245,0
DA:246,0
DA:249,0
DA:251,0
DA:259,0
DA:260,0
DA:262,0
DA:272,0
DA:275,0
DA:276,0
DA:277,0
DA:278,0
DA:279,0
DA:282,0
DA:286,0
DA:287,0
DA:290,0
DA:292,0
DA:300,0
DA:301,0
DA:303,0
DA:313,0
DA:316,0
DA:317,0
DA:318,0
DA:319,0
DA:321,0
LF:105
LH:0
end_of_record
SF:lib\get_quiz\list_of_quiz.dart
DA:11,1
DA:13,1
DA:14,1
DA:18,1
DA:21,1
DA:23,1
DA:29,1
DA:30,4
DA:31,1
DA:32,1
DA:35,1
DA:37,1
DA:38,1
DA:39,1
DA:40,1
DA:45,1
DA:46,1
DA:47,1
DA:52,1
DA:53,1
DA:54,1
DA:55,1
DA:56,2
DA:68,1
DA:69,1
DA:70,1
DA:71,1
DA:72,2
DA:74,1
DA:87,0
DA:88,0
DA:89,0
DA:90,0
DA:92,0
DA:93,0
DA:103,1
DA:104,3
DA:105,1
DA:106,2
DA:107,1
DA:109,2
DA:113,1
DA:114,3
DA:115,1
DA:116,2
DA:117,1
DA:119,2
LF:47
LH:41
end_of_record
SF:lib\mainscreen.dart
DA:11,2
DA:13,1
DA:14,1
DA:20,1
DA:22,1
DA:25,1
DA:27,1
DA:28,1
DA:32,1
DA:36,1
DA:37,1
DA:40,1
DA:41,1
DA:42,1
DA:43,1
DA:44,1
DA:45,1
DA:51,1
DA:52,1
DA:53,1
DA:54,1
DA:55,0
DA:56,0
DA:61,1
DA:62,1
DA:67,1
DA:69,1
DA:74,1
DA:76,1
DA:81,1
DA:83,1
DA:88,1
DA:90,1
DA:95,1
DA:105,1
DA:106,2
DA:108,0
DA:110,0
DA:112,0
DA:119,1
DA:120,2
DA:122,0
DA:124,0
DA:126,0
DA:133,0
DA:134,0
DA:135,0
LF:47
LH:36
end_of_record
SF:lib\home.dart
DA:7,1
DA:9,1
DA:10,1
DA:15,1
DA:17,1
DA:19,1
DA:20,1
DA:21,1
DA:23,1
DA:25,1
DA:34,1
DA:35,1
DA:39,1
DA:41,1
DA:42,1
DA:44,1
DA:46,1
DA:47,1
DA:48,1
DA:49,1
DA:59,1
DA:60,1
DA:61,3
DA:69,1
DA:70,1
DA:71,0
DA:72,1
DA:75,1
DA:76,1
DA:77,1
DA:79,1
DA:80,1
DA:81,1
DA:83,1
DA:92,1
DA:93,1
DA:94,0
DA:95,1
DA:98,1
DA:99,1
DA:102,1
DA:103,1
DA:104,1
DA:106,1
DA:115,1
DA:116,1
DA:119,1
DA:121,1
DA:122,1
DA:127,1
DA:128,1
DA:129,3
DA:135,1
DA:136,1
DA:137,0
DA:138,1
DA:142,1
DA:144,1
DA:145,1
DA:149,1
DA:150,1
DA:151,0
DA:152,0
DA:154,1
DA:156,1
DA:158,1
DA:166,3
DA:167,0
DA:168,0
DA:169,0
DA:170,0
DA:184,1
DA:185,1
DA:186,0
DA:187,1
DA:191,1
DA:193,1
DA:195,1
DA:196,1
DA:197,1
DA:198,1
DA:209,1
DA:211,1
DA:213,1
DA:216,1
DA:217,1
DA:219,1
DA:221,1
DA:222,1
DA:225,1
DA:226,1
DA:227,1
LF:92
LH:82
end_of_record
SF:lib\myclasses.dart
DA:6,1
DA:8,0
DA:9,0
DA:13,0
DA:16,0
DA:18,0
DA:20,0
DA:22,0
DA:24,0
DA:25,0
DA:28,0
DA:37,0
DA:38,0
DA:40,0
DA:42,0
DA:43,0
DA:45,0
DA:46,0
DA:47,0
DA:67,0
DA:68,0
DA:69,0
DA:73,0
DA:75,0
DA:84,0
DA:85,0
DA:86,0
DA:94,0
DA:98,0
DA:100,0
DA:102,0
DA:103,0
DA:104,0
DA:105,0
DA:106,0
DA:107,0
DA:117,0
DA:118,0
DA:119,0
DA:128,0
DA:136,1
DA:138,0
DA:140,0
DA:143,0
DA:144,0
DA:146,0
DA:148,0
DA:149,0
DA:151,0
DA:152,0
DA:153,0
LF:51
LH:2
end_of_record
SF:lib\search.dart
DA:8,1
DA:10,0
DA:11,0
DA:17,0
DA:19,0
DA:22,0
DA:23,0
DA:24,0
DA:26,0
DA:29,0
DA:31,0
DA:32,0
DA:36,0
DA:37,0
DA:38,0
DA:39,0
DA:41,0
DA:43,0
DA:45,0
DA:53,0
DA:54,0
DA:55,0
DA:56,0
DA:57,0
DA:68,0
DA:69,0
DA:76,0
DA:77,0
DA:79,0
DA:81,0
DA:82,0
DA:87,0
DA:88,0
DA:89,0
DA:96,0
DA:97,0
DA:98,0
DA:105,0
DA:106,0
DA:107,0
DA:119,0
DA:120,0
DA:122,0
DA:125,0
DA:126,0
DA:127,0
DA:128,0
DA:129,0
DA:137,0
DA:138,0
DA:139,0
DA:143,0
DA:145,0
DA:147,0
DA:148,0
DA:149,0
DA:154,0
DA:158,0
DA:159,0
DA:160,0
DA:164,0
DA:166,0
DA:168,0
DA:169,0
DA:170,0
DA:175,0
DA:179,0
DA:180,0
DA:181,0
DA:185,0
DA:187,0
DA:189,0
DA:190,0
DA:191,0
DA:196,0
DA:200,0
DA:201,0
DA:202,0
DA:206,0
DA:208,0
DA:210,0
DA:211,0
DA:212,0
DA:217,0
DA:221,0
DA:222,0
DA:224,0
DA:226,0
DA:227,0
DA:229,0
DA:230,0
DA:231,0
DA:253,1
DA:255,0
DA:257,0
DA:260,0
DA:261,0
DA:263,0
DA:265,0
DA:266,0
DA:268,0
DA:269,0
DA:270,0
LF:103
LH:2
end_of_record
SF:lib\setting.dart
DA:10,1
DA:12,0
DA:13,0
DA:23,0
DA:25,0
DA:27,0
DA:28,0
DA:29,0
DA:32,0
DA:34,0
DA:37,0
DA:38,0
DA:43,0
DA:51,0
DA:52,0
DA:54,0
DA:61,0
DA:63,0
DA:64,0
DA:66,0
DA:70,0
DA:71,0
DA:75,0
DA:79,0
DA:83,0
DA:94,0
DA:95,0
DA:97,0
DA:99,0
DA:100,0
DA:102,0
DA:103,0
DA:104,0
DA:124,0
DA:125,0
DA:128,0
DA:130,0
DA:131,0
DA:132,0
DA:133,0
DA:138,0
DA:139,0
DA:141,0
DA:142,0
DA:150,0
DA:151,0
DA:152,0
DA:163,0
DA:165,0
DA:166,0
DA:167,0
DA:169,0
DA:171,0
DA:172,0
DA:173,0
DA:174,0
DA:183,0
DA:185,0
DA:197,0
DA:198,0
DA:199,0
DA:206,0
DA:208,0
DA:209,0
DA:210,0
DA:212,0
DA:213,0
DA:214,0
DA:224,0
DA:225,0
DA:235,0
DA:236,0
DA:239,0
DA:241,0
DA:242,0
DA:243,0
DA:244,0
DA:249,0
DA:251,0
DA:253,0
DA:254,0
DA:262,0
DA:263,0
DA:264,0
DA:274,0
DA:276,0
DA:277,0
DA:278,0
DA:280,0
DA:281,0
DA:282,0
DA:292,0
DA:293,0
DA:295,0
DA:296,0
DA:297,0
DA:303,0
DA:305,0
DA:306,0
DA:307,0
DA:309,0
DA:310,0
DA:311,0
DA:321,0
DA:322,0
DA:324,0
DA:325,0
DA:326,0
DA:327,0
DA:328,0
DA:329,0
DA:330,0
DA:334,0
DA:335,0
DA:336,0
DA:337,0
DA:341,0
DA:342,0
DA:348,0
DA:350,0
DA:351,0
DA:352,0
DA:354,0
DA:355,0
DA:356,0
DA:366,0
DA:367,0
DA:369,0
DA:370,0
DA:371,0
DA:377,0
DA:379,0
DA:380,0
DA:381,0
DA:383,0
DA:384,0
DA:385,0
DA:395,0
DA:396,0
DA:398,0
DA:399,0
DA:400,0
DA:407,0
DA:408,0
DA:409,0
DA:410,0
DA:412,0
DA:413,0
DA:414,0
DA:427,0
DA:429,0
DA:430,0
DA:431,0
DA:434,0
DA:435,0
DA:436,0
DA:443,0
DA:445,0
DA:446,0
DA:451,0
DA:453,0
DA:463,0
DA:465,0
DA:466,0
DA:469,0
DA:470,0
DA:471,0
DA:478,0
DA:480,0
DA:481,0
DA:486,0
DA:488,0
DA:498,0
DA:500,0
DA:501,0
DA:504,0
DA:505,0
DA:506,0
DA:513,0
DA:515,0
DA:516,0
DA:517,0
DA:519,0
DA:529,0
DA:531,0
DA:532,0
DA:535,0
DA:536,0
DA:537,0
DA:544,0
DA:546,0
DA:547,0
DA:552,0
DA:554,0
DA:564,0
DA:566,0
DA:567,0
DA:570,0
DA:571,0
DA:572,0
DA:579,0
DA:581,0
DA:582,0
DA:583,0
DA:585,0
DA:595,0
DA:604,0
DA:605,0
DA:606,0
DA:607,0
DA:608,0
DA:609,0
DA:618,0
DA:619,0
DA:620,0
DA:629,0
DA:630,0
DA:631,0
DA:640,0
DA:642,0
DA:656,0
DA:657,0
DA:659,0
DA:660,0
DA:662,0
DA:664,0
DA:666,0
DA:667,0
DA:669,0
DA:671,0
DA:672,0
DA:673,0
DA:675,0
DA:687,1
DA:689,0
DA:691,0
DA:694,0
DA:695,0
DA:697,0
DA:699,0
DA:700,0
DA:702,0
DA:703,0
DA:704,0
LF:244
LH:2
end_of_record
