SF:lib\activity_completed.dart
DA:7,2
DA:9,1
DA:10,1
DA:15,1
DA:17,1
DA:18,2
DA:22,1
DA:23,1
DA:24,1
DA:26,1
DA:27,1
DA:32,1
DA:33,1
DA:34,1
LF:14
LH:14
end_of_record
SF:lib\activity_created.dart
DA:7,2
DA:9,1
DA:10,1
DA:15,1
DA:17,1
DA:18,2
DA:22,1
DA:23,1
DA:24,1
DA:26,1
DA:27,1
DA:32,1
DA:33,1
DA:34,1
LF:14
LH:14
end_of_record
SF:lib\activity_new.dart
DA:9,2
DA:11,1
DA:12,1
DA:16,1
DA:18,1
DA:20,1
DA:22,1
DA:23,1
DA:24,1
DA:36,1
DA:37,1
DA:38,1
DA:39,1
DA:40,1
DA:41,1
DA:42,1
DA:51,1
DA:59,1
DA:60,1
DA:61,1
DA:62,1
DA:63,1
DA:64,1
DA:73,1
DA:81,1
DA:82,1
DA:83,1
DA:84,1
DA:85,1
DA:86,1
DA:95,1
LF:31
LH:31
end_of_record
SF:lib\activity_running.dart
DA:6,2
DA:8,1
DA:9,1
DA:13,1
DA:15,1
DA:16,2
DA:20,1
DA:21,1
DA:22,1
DA:24,1
DA:25,1
DA:30,1
DA:31,1
DA:32,1
DA:46,1
DA:48,1
DA:50,1
DA:53,1
DA:54,1
DA:56,1
DA:58,1
DA:59,1
DA:61,1
DA:62,1
DA:63,1
LF:25
LH:25
end_of_record
SF:lib\default.dart
DA:6,1
DA:8,1
DA:9,1
DA:13,0
DA:15,0
DA:17,0
DA:20,0
DA:21,0
DA:23,0
DA:25,0
DA:26,0
DA:28,0
DA:43,1
DA:45,1
DA:46,1
DA:47,1
DA:48,1
DA:50,1
DA:52,1
DA:59,1
DA:60,1
DA:64,1
DA:66,1
DA:67,1
DA:69,1
DA:71,1
DA:72,1
DA:73,1
DA:74,1
DA:84,1
DA:85,1
DA:86,3
DA:94,1
DA:95,1
DA:96,0
DA:97,1
DA:100,1
DA:101,1
DA:102,1
DA:104,1
DA:105,1
DA:106,1
DA:108,1
DA:117,1
DA:118,1
DA:119,0
DA:120,1
DA:123,1
DA:124,1
DA:127,1
DA:128,1
DA:129,1
DA:131,1
DA:140,1
DA:141,1
DA:144,1
DA:146,1
DA:147,1
DA:152,1
DA:153,1
DA:154,3
DA:160,1
DA:161,1
DA:162,0
DA:163,1
DA:167,1
DA:169,1
DA:170,1
DA:174,1
DA:175,1
DA:176,0
DA:177,0
DA:179,1
DA:181,1
DA:183,1
DA:191,3
DA:192,0
DA:193,0
DA:194,0
DA:195,0
DA:209,1
DA:210,1
DA:211,0
DA:212,1
DA:216,1
DA:218,1
DA:220,1
DA:221,1
DA:222,1
DA:223,1
LF:90
LH:71
end_of_record
SF:lib\get_quiz\countdown_widget.dart
DA:11,3
DA:13,1
DA:14,1
DA:21,1
DA:22,2
DA:23,0
DA:24,0
DA:25,0
DA:26,0
DA:29,0
DA:30,0
DA:31,0
DA:34,0
DA:35,0
DA:36,0
DA:40,0
DA:41,0
DA:42,0
DA:50,1
DA:52,1
DA:53,1
DA:54,1
DA:55,1
DA:56,1
DA:58,1
DA:59,1
DA:60,1
DA:61,1
DA:62,1
DA:63,1
DA:74,1
DA:75,1
DA:77,1
DA:81,1
DA:85,1
DA:89,1
DA:99,1
DA:100,1
DA:101,1
DA:102,1
DA:105,1
DA:107,1
DA:109,1
DA:110,1
DA:111,1
DA:114,1
DA:116,1
DA:124,1
DA:125,1
DA:127,1
DA:137,1
DA:138,1
DA:139,1
DA:140,1
DA:143,1
DA:144,0
DA:145,0
DA:146,0
DA:148,0
DA:157,1
DA:158,1
DA:159,1
DA:160,1
DA:161,0
DA:162,1
DA:165,1
DA:167,1
DA:169,1
DA:170,1
DA:172,1
DA:186,1
DA:187,1
DA:188,1
DA:189,1
DA:192,1
DA:194,1
DA:196,1
DA:197,1
DA:201,1
DA:203,1
DA:207,1
DA:209,1
DA:220,1
DA:221,1
DA:222,1
DA:223,1
DA:224,2
DA:225,1
DA:238,1
DA:239,1
DA:240,1
DA:241,1
DA:243,1
DA:244,2
DA:248,1
DA:262,1
DA:263,1
DA:264,1
DA:265,1
DA:266,2
DA:267,1
DA:280,1
DA:281,1
DA:282,1
DA:283,1
DA:284,3
DA:296,1
DA:297,2
DA:298,1
DA:300,2
DA:305,1
DA:306,2
DA:307,1
DA:309,2
DA:314,1
DA:315,2
DA:316,1
DA:318,2
DA:323,1
DA:324,2
DA:325,1
DA:327,2
LF:122
LH:104
end_of_record
SF:lib\get_quiz\get_quiz.dart
DA:11,2
DA:13,1
DA:14,1
DA:19,1
DA:21,1
DA:22,1
DA:44,1
DA:46,2
DA:47,1
DA:49,2
DA:50,2
DA:51,3
DA:55,1
DA:57,1
DA:58,1
DA:59,1
DA:60,0
DA:61,1
DA:62,1
DA:64,2
DA:65,1
DA:66,1
DA:68,0
DA:69,0
DA:70,0
DA:71,0
DA:72,0
DA:73,0
DA:74,0
DA:75,0
DA:76,0
DA:77,0
DA:79,1
DA:81,2
DA:82,1
DA:84,1
DA:85,1
DA:86,1
DA:89,1
DA:90,1
DA:91,1
DA:95,1
DA:96,1
DA:97,1
DA:98,5
DA:100,1
DA:111,1
DA:116,1
DA:117,1
DA:118,0
DA:119,0
DA:120,0
DA:121,0
DA:123,0
DA:124,0
DA:125,0
DA:126,0
DA:127,0
DA:128,0
DA:139,0
DA:140,0
DA:141,0
DA:142,0
DA:143,0
DA:144,0
DA:145,0
DA:146,0
DA:147,0
DA:148,0
DA:150,0
DA:151,0
DA:152,0
DA:153,0
DA:156,0
DA:158,0
DA:160,0
DA:161,0
DA:162,0
DA:169,0
DA:171,0
DA:172,0
DA:173,0
DA:179,1
DA:182,1
DA:183,1
DA:184,1
DA:186,1
DA:187,1
DA:188,5
DA:191,1
DA:207,1
DA:212,1
DA:213,1
DA:215,0
DA:216,0
DA:217,0
DA:218,0
DA:220,0
DA:221,0
DA:222,0
DA:223,0
DA:224,0
DA:225,0
DA:227,0
DA:228,0
DA:229,0
DA:230,0
DA:231,0
DA:232,0
DA:233,0
DA:234,0
DA:235,0
DA:237,0
DA:238,0
DA:239,0
DA:242,0
DA:244,0
DA:246,0
DA:247,0
DA:248,0
DA:255,0
DA:257,0
DA:258,0
DA:259,0
DA:265,1
DA:268,1
DA:269,1
DA:270,1
DA:272,1
DA:273,1
DA:274,5
DA:277,1
DA:293,1
DA:298,1
DA:299,1
DA:300,0
DA:301,0
DA:302,0
DA:303,0
DA:305,0
DA:306,0
DA:307,0
DA:308,0
DA:309,0
DA:310,0
DA:312,0
DA:313,0
DA:314,0
DA:315,0
DA:316,0
DA:317,0
DA:318,0
DA:319,0
DA:320,0
DA:321,0
DA:323,0
DA:324,0
DA:325,0
DA:326,0
DA:329,0
DA:331,0
DA:333,0
DA:334,0
DA:335,0
DA:342,0
DA:344,0
DA:345,0
DA:346,0
DA:352,1
DA:355,1
DA:356,1
DA:357,1
DA:359,1
DA:360,1
DA:361,5
DA:364,1
DA:380,1
DA:385,1
DA:386,1
DA:387,0
DA:388,0
DA:389,0
DA:390,0
DA:392,0
DA:393,0
DA:394,0
DA:395,0
DA:396,0
DA:397,0
DA:399,0
DA:400,0
DA:401,0
DA:402,0
DA:403,0
DA:404,0
DA:405,0
DA:406,0
DA:407,0
DA:409,0
DA:410,0
DA:411,0
DA:414,0
DA:416,0
DA:418,0
DA:419,0
DA:420,0
DA:427,0
DA:429,0
DA:430,0
DA:431,0
DA:437,1
DA:440,1
DA:441,1
DA:442,1
DA:444,1
DA:445,1
DA:446,5
DA:449,1
DA:469,1
DA:476,0
DA:477,0
DA:479,0
DA:481,0
LF:223
LH:80
end_of_record
SF:lib\get_quiz\result.dart
DA:14,1
DA:16,1
DA:18,3
DA:24,1
DA:26,1
DA:28,1
DA:29,1
DA:30,1
DA:32,1
DA:33,1
DA:35,1
DA:37,1
DA:39,1
DA:47,1
DA:48,1
DA:51,1
DA:53,1
DA:55,1
DA:56,1
DA:57,1
DA:59,1
DA:61,1
DA:70,1
DA:71,3
DA:78,1
DA:80,1
DA:81,1
DA:82,1
DA:84,1
DA:86,1
DA:96,1
DA:97,1
DA:98,1
DA:100,1
DA:119,1
DA:120,1
DA:123,1
DA:125,1
DA:126,1
DA:129,1
DA:130,1
DA:131,1
DA:132,1
DA:134,1
DA:137,1
DA:139,1
DA:147,1
DA:148,2
DA:149,1
DA:160,1
DA:163,1
DA:164,1
DA:165,1
DA:166,1
DA:168,1
DA:171,1
DA:173,1
DA:181,1
DA:182,2
DA:183,1
DA:194,1
DA:197,1
DA:198,1
DA:199,1
DA:200,1
DA:202,1
DA:205,1
DA:207,1
DA:215,1
DA:216,4
DA:217,1
DA:233,1
DA:234,1
DA:237,1
DA:239,1
DA:241,1
DA:242,1
DA:244,1
DA:245,1
DA:246,1
DA:249,1
DA:251,1
DA:259,1
DA:260,1
DA:262,1
DA:272,0
DA:275,0
DA:276,0
DA:277,0
DA:278,0
DA:279,0
DA:282,0
DA:286,1
DA:287,1
DA:290,1
DA:292,1
DA:300,1
DA:301,1
DA:303,1
DA:313,0
DA:316,0
DA:317,0
DA:318,0
DA:319,0
DA:321,0
LF:105
LH:92
end_of_record
SF:lib\globals.dart
DA:5,3
LF:1
LH:1
end_of_record
SF:lib\home.dart
DA:7,2
DA:9,1
DA:10,1
DA:15,1
DA:17,1
DA:19,1
DA:20,1
DA:21,1
DA:23,1
DA:25,1
DA:34,1
DA:35,1
DA:39,1
DA:41,1
DA:42,1
DA:44,1
DA:46,1
DA:47,1
DA:48,1
DA:49,1
DA:59,1
DA:60,1
DA:61,3
DA:69,1
DA:70,1
DA:71,0
DA:72,1
DA:75,1
DA:76,1
DA:77,1
DA:79,1
DA:80,1
DA:81,1
DA:83,1
DA:92,1
DA:93,1
DA:94,0
DA:95,1
DA:98,1
DA:99,1
DA:102,1
DA:103,1
DA:104,1
DA:106,1
DA:115,1
DA:116,1
DA:119,1
DA:121,1
DA:122,1
DA:127,1
DA:128,1
DA:129,3
DA:135,1
DA:136,1
DA:137,0
DA:138,1
DA:142,1
DA:144,1
DA:145,1
DA:149,1
DA:150,1
DA:151,0
DA:152,0
DA:154,1
DA:156,1
DA:158,1
DA:166,3
DA:167,0
DA:168,0
DA:169,0
DA:170,0
DA:184,1
DA:185,1
DA:186,0
DA:187,1
DA:191,1
DA:193,1
DA:195,1
DA:196,1
DA:197,1
DA:198,1
DA:209,1
DA:211,1
DA:213,1
DA:216,1
DA:217,1
DA:219,1
DA:221,1
DA:222,1
DA:224,1
DA:225,1
DA:226,1
LF:92
LH:82
end_of_record
SF:lib\main.dart
DA:8,0
DA:9,0
DA:10,0
DA:12,0
DA:17,0
DA:21,2
DA:23,1
DA:24,1
DA:26,0
DA:34,1
DA:36,1
DA:38,1
DA:39,1
LF:13
LH:7
end_of_record
SF:lib\mainscreen.dart
DA:11,3
DA:13,1
DA:14,1
DA:20,1
DA:22,1
DA:25,1
DA:27,1
DA:28,1
DA:32,1
DA:36,1
DA:37,1
DA:40,1
DA:41,1
DA:42,1
DA:43,1
DA:44,1
DA:45,1
DA:51,1
DA:52,1
DA:53,1
DA:54,1
DA:55,1
DA:56,1
DA:61,1
DA:62,1
DA:67,1
DA:69,1
DA:74,1
DA:76,1
DA:81,1
DA:83,1
DA:88,1
DA:90,1
DA:95,1
DA:105,1
DA:106,2
DA:108,2
DA:110,2
DA:112,0
DA:119,1
DA:120,2
DA:122,2
DA:124,2
DA:126,0
DA:133,1
DA:134,2
DA:135,1
LF:47
LH:45
end_of_record
SF:lib\myclasses.dart
DA:6,2
DA:8,1
DA:9,1
DA:13,1
DA:16,1
DA:18,1
DA:20,1
DA:22,1
DA:24,1
DA:25,1
DA:28,1
DA:37,1
DA:38,1
DA:39,1
DA:43,1
DA:45,1
DA:54,1
DA:55,1
DA:56,1
DA:64,0
DA:68,1
DA:70,1
DA:72,1
DA:73,1
DA:74,1
DA:75,1
DA:76,1
DA:77,1
DA:87,1
DA:88,1
DA:89,1
DA:98,1
DA:106,1
DA:108,0
DA:110,0
DA:113,0
DA:114,0
DA:116,0
DA:118,0
DA:119,0
DA:121,0
DA:122,0
DA:123,0
LF:43
LH:32
end_of_record
SF:lib\search.dart
DA:8,2
DA:10,1
DA:11,1
DA:17,1
DA:19,1
DA:22,1
DA:23,1
DA:24,1
DA:26,1
DA:29,1
DA:31,1
DA:32,1
DA:36,1
DA:37,1
DA:38,0
DA:39,0
DA:41,1
DA:43,1
DA:45,1
DA:53,3
DA:54,0
DA:55,0
DA:56,0
DA:57,0
DA:68,1
DA:69,1
DA:76,1
DA:77,1
DA:79,1
DA:81,1
DA:82,1
DA:87,1
DA:88,1
DA:89,1
DA:96,1
DA:97,1
DA:98,1
DA:105,1
DA:106,1
DA:107,1
DA:119,1
DA:120,1
DA:122,1
DA:125,1
DA:126,1
DA:127,1
DA:128,1
DA:129,1
DA:137,1
DA:138,1
DA:139,1
DA:143,1
DA:145,1
DA:147,1
DA:148,1
DA:149,1
DA:154,0
DA:158,1
DA:159,1
DA:160,1
DA:164,1
DA:166,1
DA:168,1
DA:169,1
DA:170,1
DA:175,0
DA:179,1
DA:180,1
DA:181,1
DA:185,1
DA:187,1
DA:189,1
DA:190,1
DA:191,1
DA:196,0
DA:200,1
DA:201,1
DA:202,1
DA:206,1
DA:208,1
DA:210,1
DA:211,1
DA:212,1
DA:217,0
DA:221,0
DA:222,0
DA:224,0
DA:226,0
DA:227,0
DA:229,0
DA:230,0
DA:231,0
DA:253,1
DA:255,1
DA:257,1
DA:260,1
DA:261,1
DA:263,1
DA:265,1
DA:266,1
DA:268,1
DA:269,1
DA:270,1
LF:103
LH:85
end_of_record
SF:lib\setting.dart
DA:10,2
DA:12,1
DA:13,1
DA:23,1
DA:43,1
DA:51,0
DA:52,0
DA:54,0
DA:61,1
DA:63,1
DA:64,1
DA:66,1
DA:70,1
DA:71,1
DA:75,1
DA:79,1
DA:83,1
DA:94,0
DA:95,0
DA:97,0
DA:99,0
DA:100,0
DA:102,0
DA:103,0
DA:104,0
DA:124,1
DA:125,1
DA:128,1
DA:130,1
DA:131,1
DA:132,1
DA:133,1
DA:138,1
DA:139,1
DA:141,1
DA:142,1
DA:150,1
DA:151,1
DA:152,1
DA:163,1
DA:165,1
DA:166,1
DA:167,1
DA:169,1
DA:171,1
DA:172,1
DA:173,1
DA:174,1
DA:183,1
DA:185,1
DA:197,1
DA:198,0
DA:199,0
DA:206,1
DA:208,1
DA:209,1
DA:210,1
DA:212,1
DA:213,1
DA:214,1
DA:224,1
DA:225,0
DA:235,1
DA:236,1
DA:239,1
DA:241,1
DA:242,1
DA:243,1
DA:244,1
DA:249,1
DA:251,1
DA:253,1
DA:254,1
DA:262,1
DA:263,1
DA:264,1
DA:274,1
DA:276,1
DA:277,1
DA:278,1
DA:280,1
DA:281,1
DA:282,1
DA:292,1
DA:293,1
DA:295,0
DA:296,0
DA:297,0
DA:303,1
DA:305,1
DA:306,1
DA:307,1
DA:309,1
DA:310,1
DA:311,1
DA:321,1
DA:322,1
DA:324,0
DA:325,0
DA:326,0
DA:327,0
DA:328,0
DA:329,0
DA:330,0
DA:334,0
DA:335,0
DA:336,0
DA:337,0
DA:341,0
DA:342,0
DA:348,1
DA:350,1
DA:351,1
DA:352,1
DA:354,1
DA:355,1
DA:356,1
DA:366,1
DA:367,1
DA:369,0
DA:370,0
DA:371,0
DA:377,1
DA:379,1
DA:380,1
DA:381,1
DA:383,1
DA:384,1
DA:385,1
DA:395,1
DA:396,1
DA:398,0
DA:399,0
DA:400,0
DA:407,1
DA:408,1
DA:409,1
DA:410,1
DA:412,1
DA:413,1
DA:414,1
DA:427,1
DA:429,1
DA:430,1
DA:431,1
DA:434,1
DA:435,1
DA:436,1
DA:443,1
DA:445,1
DA:446,1
DA:451,1
DA:453,1
DA:463,0
DA:465,1
DA:466,1
DA:469,1
DA:470,1
DA:471,1
DA:478,1
DA:480,1
DA:481,1
DA:486,1
DA:488,1
DA:498,0
DA:500,1
DA:501,1
DA:504,1
DA:505,1
DA:506,1
DA:513,1
DA:515,1
DA:516,1
DA:517,1
DA:519,1
DA:529,0
DA:531,1
DA:532,1
DA:535,1
DA:536,1
DA:537,1
DA:544,1
DA:546,1
DA:547,1
DA:552,1
DA:554,1
DA:564,0
DA:566,1
DA:567,1
DA:570,1
DA:571,1
DA:572,1
DA:579,1
DA:581,1
DA:582,1
DA:583,1
DA:585,1
DA:595,0
DA:604,1
DA:605,1
DA:606,1
DA:607,1
DA:608,1
DA:609,1
DA:618,1
DA:619,1
DA:620,1
DA:629,1
DA:630,1
DA:631,1
DA:640,1
DA:642,1
DA:656,0
DA:657,0
DA:659,0
DA:660,0
DA:662,0
DA:664,0
DA:666,0
DA:667,0
DA:669,0
DA:671,0
DA:672,0
DA:673,0
DA:675,0
DA:687,1
DA:689,0
DA:691,0
DA:694,0
DA:695,0
DA:697,0
DA:699,0
DA:700,0
DA:702,0
DA:703,0
DA:704,0
LF:236
LH:172
end_of_record
SF:lib\LocaleString.dart
DA:6,1
DA:8,1
DA:9,1
DA:54,1
DA:98,1
LF:5
LH:5
end_of_record
SF:lib\get_quiz\list_of_quiz.dart
DA:11,1
DA:13,1
DA:14,1
DA:18,1
DA:21,1
DA:23,1
DA:29,1
DA:30,4
DA:31,1
DA:32,1
DA:35,1
DA:37,1
DA:38,1
DA:39,1
DA:40,1
DA:45,1
DA:46,1
DA:47,1
DA:52,1
DA:53,1
DA:54,1
DA:55,1
DA:56,2
DA:68,1
DA:69,1
DA:70,1
DA:71,1
DA:72,2
DA:74,1
DA:87,0
DA:88,0
DA:89,0
DA:90,0
DA:92,0
DA:93,0
DA:103,1
DA:104,3
DA:105,1
DA:106,2
DA:107,1
DA:109,2
DA:113,1
DA:114,3
DA:115,1
DA:116,2
DA:117,1
DA:119,2
LF:47
LH:41
end_of_record
